app/build/intermediates/manifest_merge_blame_file/debug/processDebugMainManifest/manifest-merger-blame-debug-report.txt
1<?xml version="1.0" encoding="utf-8"?>
2<manifest xmlns:android="http://schemas.android.com/apk/res/android"
3    package="com.omoda.lanc"
4    android:versionCode="72"
5    android:versionName="1.0.0" >
6
7    <uses-sdk
8        android:minSdkVersion="29"
9        android:targetSdkVersion="33" />
10
11    <uses-permission android:name="android.permission.INTERNET" />
11-->src/main/AndroidManifest.xml:6:5-67
11-->src/main/AndroidManifest.xml:6:22-64
12    <uses-permission android:name="android.permission.WAKE_LOCK" />
12-->src/main/AndroidManifest.xml:7:5-68
12-->src/main/AndroidManifest.xml:7:22-65
13    <uses-permission android:name="android.permission.RECORD_AUDIO" />
13-->src/main/AndroidManifest.xml:8:5-71
13-->src/main/AndroidManifest.xml:8:22-68
14    <uses-permission android:name="android.permission.SYSTEM_ALERT_WINDOW" />
14-->src/main/AndroidManifest.xml:9:5-78
14-->src/main/AndroidManifest.xml:9:22-75
15    <uses-permission android:name="android.permission.FOREGROUND_SERVICE" />
15-->src/main/AndroidManifest.xml:10:5-77
15-->src/main/AndroidManifest.xml:10:22-74
16    <uses-permission android:name="android.permission.FOREGROUND_SERVICE_MICROPHONE" />
16-->src/main/AndroidManifest.xml:11:5-88
16-->src/main/AndroidManifest.xml:11:22-85
17    <uses-permission android:name="android.permission.ACCESS_NETWORK_STATE" />
17-->src/main/AndroidManifest.xml:12:5-79
17-->src/main/AndroidManifest.xml:12:22-76
18    <uses-permission android:name="android.permission.MODIFY_AUDIO_SETTINGS" />
18-->src/main/AndroidManifest.xml:13:5-80
18-->src/main/AndroidManifest.xml:13:22-77
19    <uses-permission
19-->src/main/AndroidManifest.xml:14:5-15:38
20        android:name="android.permission.READ_EXTERNAL_STORAGE"
20-->src/main/AndroidManifest.xml:14:22-77
21        android:maxSdkVersion="32" />
21-->src/main/AndroidManifest.xml:15:9-35
22    <uses-permission
22-->src/main/AndroidManifest.xml:16:5-17:38
23        android:name="android.permission.WRITE_EXTERNAL_STORAGE"
23-->src/main/AndroidManifest.xml:16:22-78
24        android:maxSdkVersion="32" />
24-->src/main/AndroidManifest.xml:17:9-35
25    <uses-permission android:name="android.permission.ACCESS_FINE_LOCATION" />
25-->src/main/AndroidManifest.xml:18:5-79
25-->src/main/AndroidManifest.xml:18:22-76
26    <uses-permission android:name="android.permission.ACCESS_COARSE_LOCATION" />
26-->src/main/AndroidManifest.xml:19:5-81
26-->src/main/AndroidManifest.xml:19:22-78
27    <uses-permission android:name="android.permission.DUMP" />
27-->src/main/AndroidManifest.xml:20:5-63
27-->src/main/AndroidManifest.xml:20:22-60
28
29    <!-- Added from source project -->
30    <uses-permission android:name="android.permission.QUERY_ALL_PACKAGES" />
30-->src/main/AndroidManifest.xml:23:5-24:53
30-->src/main/AndroidManifest.xml:23:22-74
31    <uses-permission android:name="android.permission.PACKAGE_USAGE_STATS" />
31-->src/main/AndroidManifest.xml:25:5-26:47
31-->src/main/AndroidManifest.xml:25:22-75
32    <uses-permission android:name="android.permission.BIND_ACCESSIBILITY_SERVICE" />
32-->src/main/AndroidManifest.xml:27:5-85
32-->src/main/AndroidManifest.xml:27:22-82
33    <uses-permission android:name="android.permission.BIND_NOTIFICATION_LISTENER_SERVICE" />
33-->src/main/AndroidManifest.xml:28:5-29:47
33-->src/main/AndroidManifest.xml:28:22-90
34    <uses-permission android:name="android.permission.WRITE_SECURE_SETTINGS" />
34-->src/main/AndroidManifest.xml:30:5-80
34-->src/main/AndroidManifest.xml:30:22-77
35    <uses-permission android:name="android.permission.RECEIVE_BOOT_COMPLETED" />
35-->src/main/AndroidManifest.xml:31:5-81
35-->src/main/AndroidManifest.xml:31:22-78
36    <uses-permission android:name="android.permission.REQUEST_INSTALL_PACKAGES" />
36-->src/main/AndroidManifest.xml:32:5-33:55
36-->src/main/AndroidManifest.xml:32:22-80
37    <uses-permission android:name="android.permission.MEDIA_CONTENT_CONTROL" />
37-->src/main/AndroidManifest.xml:34:5-80
37-->src/main/AndroidManifest.xml:34:22-77
38    <uses-permission android:name="android.permission.BLUETOOTH" />
38-->src/main/AndroidManifest.xml:35:5-68
38-->src/main/AndroidManifest.xml:35:22-65
39    <uses-permission android:name="android.permission.READ_LOGS" />
39-->src/main/AndroidManifest.xml:36:5-68
39-->src/main/AndroidManifest.xml:36:22-65
40    <uses-permission android:name="android.car.permission.CAR_SPEED" />
40-->src/main/AndroidManifest.xml:38:5-72
40-->src/main/AndroidManifest.xml:38:22-69
41    <uses-permission android:name="android.car.permission.CAR_INFO" />
41-->src/main/AndroidManifest.xml:39:5-71
41-->src/main/AndroidManifest.xml:39:22-68
42    <uses-permission android:name="android.car.permission.CAR_ENERGY" />
42-->src/main/AndroidManifest.xml:40:5-73
42-->src/main/AndroidManifest.xml:40:22-70
43    <uses-permission android:name="android.car.permission.CAR_EXTERIOR_ENVIRONMENT" />
43-->src/main/AndroidManifest.xml:41:5-87
43-->src/main/AndroidManifest.xml:41:22-84
44    <uses-permission android:name="android.car.permission.CAR_POWERTRAIN" />
44-->src/main/AndroidManifest.xml:42:5-77
44-->src/main/AndroidManifest.xml:42:22-74
45
46    <queries>
46-->src/main/AndroidManifest.xml:109:5-117:15
47        <package android:name="com.google.android.apps.maps" />
47-->src/main/AndroidManifest.xml:110:9-64
47-->src/main/AndroidManifest.xml:110:18-61
48        <package android:name="com.chery.media" />
48-->src/main/AndroidManifest.xml:111:9-51
48-->src/main/AndroidManifest.xml:111:18-48
49        <package android:name="com.chery.hvac" />
49-->src/main/AndroidManifest.xml:112:9-50
49-->src/main/AndroidManifest.xml:112:18-47
50        <package android:name="com.yfve.hvac" />
50-->src/main/AndroidManifest.xml:113:9-49
50-->src/main/AndroidManifest.xml:113:18-46
51        <package android:name="in.krosbits.musicolet" />
51-->src/main/AndroidManifest.xml:114:9-57
51-->src/main/AndroidManifest.xml:114:18-54
52        <package android:name="com.spotify.music" />
52-->src/main/AndroidManifest.xml:115:9-53
52-->src/main/AndroidManifest.xml:115:18-50
53        <package android:name="com.vivaldi.browser" />
53-->src/main/AndroidManifest.xml:116:9-55
53-->src/main/AndroidManifest.xml:116:18-52
54    </queries>
55
56    <permission
56-->[androidx.core:core:1.13.1] AndroidManifest.xml:22:5-24:47
57        android:name="com.omoda.lanc.DYNAMIC_RECEIVER_NOT_EXPORTED_PERMISSION"
57-->[androidx.core:core:1.13.1] AndroidManifest.xml:23:9-81
58        android:protectionLevel="signature" />
58-->[androidx.core:core:1.13.1] AndroidManifest.xml:24:9-44
59
60    <uses-permission android:name="com.omoda.lanc.DYNAMIC_RECEIVER_NOT_EXPORTED_PERMISSION" />
60-->[androidx.core:core:1.13.1] AndroidManifest.xml:26:5-97
60-->[androidx.core:core:1.13.1] AndroidManifest.xml:26:22-94
61
62    <application
62-->src/main/AndroidManifest.xml:44:5-107:19
63        android:name="com.omoda.lanc.AssistantApplication"
63-->src/main/AndroidManifest.xml:45:9-45
64        android:allowBackup="true"
64-->src/main/AndroidManifest.xml:46:9-35
65        android:appComponentFactory="androidx.core.app.CoreComponentFactory"
65-->[androidx.core:core:1.13.1] AndroidManifest.xml:28:18-86
66        android:debuggable="true"
67        android:extractNativeLibs="false"
68        android:icon="@mipmap/ic_launcher"
68-->src/main/AndroidManifest.xml:47:9-43
69        android:label="Omoda Asistan"
69-->src/main/AndroidManifest.xml:48:9-38
70        android:requestLegacyExternalStorage="true"
70-->src/main/AndroidManifest.xml:52:9-52
71        android:roundIcon="@mipmap/ic_launcher_round"
71-->src/main/AndroidManifest.xml:49:9-54
72        android:supportsRtl="true"
72-->src/main/AndroidManifest.xml:50:9-35
73        android:theme="@style/Theme.AppCompat.NoActionBar"
73-->src/main/AndroidManifest.xml:53:9-59
74        android:usesCleartextTraffic="true" >
74-->src/main/AndroidManifest.xml:51:9-44
75        <activity
75-->src/main/AndroidManifest.xml:55:9-68:20
76            android:name="com.omoda.lanc.MainActivity"
76-->src/main/AndroidManifest.xml:56:13-41
77            android:configChanges="orientation|screenSize|screenLayout|keyboardHidden"
77-->src/main/AndroidManifest.xml:60:13-87
78            android:exported="true"
78-->src/main/AndroidManifest.xml:57:13-36
79            android:launchMode="singleTask"
79-->src/main/AndroidManifest.xml:58:13-44
80            android:screenOrientation="landscape"
80-->src/main/AndroidManifest.xml:59:13-50
81            android:theme="@style/Theme.AppCompat.NoActionBar" >
81-->src/main/AndroidManifest.xml:61:13-63
82            <intent-filter>
82-->src/main/AndroidManifest.xml:62:13-67:29
83                <action android:name="android.intent.action.MAIN" />
83-->src/main/AndroidManifest.xml:63:17-69
83-->src/main/AndroidManifest.xml:63:25-66
84
85                <category android:name="android.intent.category.LAUNCHER" />
85-->src/main/AndroidManifest.xml:64:17-77
85-->src/main/AndroidManifest.xml:64:27-74
86                <category android:name="android.intent.category.HOME" />
86-->src/main/AndroidManifest.xml:65:17-73
86-->src/main/AndroidManifest.xml:65:27-70
87                <category android:name="android.intent.category.DEFAULT" />
87-->src/main/AndroidManifest.xml:66:17-76
87-->src/main/AndroidManifest.xml:66:27-73
88            </intent-filter>
89        </activity>
90
91        <service
91-->src/main/AndroidManifest.xml:70:9-74:58
92            android:name="com.omoda.lanc.service.VoiceAssistantService"
92-->src/main/AndroidManifest.xml:71:13-58
93            android:enabled="true"
93-->src/main/AndroidManifest.xml:72:13-35
94            android:exported="true"
94-->src/main/AndroidManifest.xml:73:13-36
95            android:foregroundServiceType="microphone" />
95-->src/main/AndroidManifest.xml:74:13-55
96        <service
96-->src/main/AndroidManifest.xml:76:9-80:61
97            android:name="com.omoda.lanc.service.HermesForegroundService"
97-->src/main/AndroidManifest.xml:77:13-60
98            android:enabled="true"
98-->src/main/AndroidManifest.xml:78:13-35
99            android:exported="false"
99-->src/main/AndroidManifest.xml:79:13-37
100            android:foregroundServiceType="mediaPlayback" />
100-->src/main/AndroidManifest.xml:80:13-58
101        <service
101-->src/main/AndroidManifest.xml:82:9-85:40
102            android:name="com.omoda.lanc.service.AdbBridgeService"
102-->src/main/AndroidManifest.xml:83:13-53
103            android:enabled="true"
103-->src/main/AndroidManifest.xml:84:13-35
104            android:exported="false" />
104-->src/main/AndroidManifest.xml:85:13-37
105        <service
105-->src/main/AndroidManifest.xml:87:9-95:19
106            android:name="com.omoda.lanc.service.MediaNotificationListener"
106-->src/main/AndroidManifest.xml:88:13-62
107            android:exported="true"
107-->src/main/AndroidManifest.xml:91:13-36
108            android:label="Omoda Media Listener"
108-->src/main/AndroidManifest.xml:89:13-49
109            android:permission="android.permission.BIND_NOTIFICATION_LISTENER_SERVICE" >
109-->src/main/AndroidManifest.xml:90:13-87
110            <intent-filter>
110-->src/main/AndroidManifest.xml:92:13-94:29
111                <action android:name="android.service.notification.NotificationListenerService" />
111-->src/main/AndroidManifest.xml:93:17-99
111-->src/main/AndroidManifest.xml:93:25-96
112            </intent-filter>
113        </service>
114
115        <provider
116            android:name="androidx.core.content.FileProvider"
116-->src/main/AndroidManifest.xml:98:13-62
117            android:authorities="com.omoda.lanc.fileprovider"
117-->src/main/AndroidManifest.xml:99:13-64
118            android:exported="false"
118-->src/main/AndroidManifest.xml:100:13-37
119            android:grantUriPermissions="true" >
119-->src/main/AndroidManifest.xml:101:13-47
120            <meta-data
120-->src/main/AndroidManifest.xml:102:13-104:54
121                android:name="android.support.FILE_PROVIDER_PATHS"
121-->src/main/AndroidManifest.xml:103:17-67
122                android:resource="@xml/file_paths" />
122-->src/main/AndroidManifest.xml:104:17-51
123        </provider>
124
125        <activity
125-->[androidx.compose.ui:ui-tooling-android:1.6.8] AndroidManifest.xml:23:9-25:39
126            android:name="androidx.compose.ui.tooling.PreviewActivity"
126-->[androidx.compose.ui:ui-tooling-android:1.6.8] AndroidManifest.xml:24:13-71
127            android:exported="true" />
127-->[androidx.compose.ui:ui-tooling-android:1.6.8] AndroidManifest.xml:25:13-36
128
129        <provider
129-->[androidx.emoji2:emoji2:1.3.0] AndroidManifest.xml:24:9-32:20
130            android:name="androidx.startup.InitializationProvider"
130-->[androidx.emoji2:emoji2:1.3.0] AndroidManifest.xml:25:13-67
131            android:authorities="com.omoda.lanc.androidx-startup"
131-->[androidx.emoji2:emoji2:1.3.0] AndroidManifest.xml:26:13-68
132            android:exported="false" >
132-->[androidx.emoji2:emoji2:1.3.0] AndroidManifest.xml:27:13-37
133            <meta-data
133-->[androidx.emoji2:emoji2:1.3.0] AndroidManifest.xml:29:13-31:52
134                android:name="androidx.emoji2.text.EmojiCompatInitializer"
134-->[androidx.emoji2:emoji2:1.3.0] AndroidManifest.xml:30:17-75
135                android:value="androidx.startup" />
135-->[androidx.emoji2:emoji2:1.3.0] AndroidManifest.xml:31:17-49
136            <meta-data
136-->[androidx.lifecycle:lifecycle-process:2.7.0] AndroidManifest.xml:29:13-31:52
137                android:name="androidx.lifecycle.ProcessLifecycleInitializer"
137-->[androidx.lifecycle:lifecycle-process:2.7.0] AndroidManifest.xml:30:17-78
138                android:value="androidx.startup" />
138-->[androidx.lifecycle:lifecycle-process:2.7.0] AndroidManifest.xml:31:17-49
139            <meta-data
139-->[androidx.profileinstaller:profileinstaller:1.3.1] AndroidManifest.xml:29:13-31:52
140                android:name="androidx.profileinstaller.ProfileInstallerInitializer"
140-->[androidx.profileinstaller:profileinstaller:1.3.1] AndroidManifest.xml:30:17-85
141                android:value="androidx.startup" />
141-->[androidx.profileinstaller:profileinstaller:1.3.1] AndroidManifest.xml:31:17-49
142        </provider>
143
144        <activity
144-->[androidx.compose.ui:ui-test-manifest:1.6.8] AndroidManifest.xml:23:9-25:39
145            android:name="androidx.activity.ComponentActivity"
145-->[androidx.compose.ui:ui-test-manifest:1.6.8] AndroidManifest.xml:24:13-63
146            android:exported="true" />
146-->[androidx.compose.ui:ui-test-manifest:1.6.8] AndroidManifest.xml:25:13-36
147
148        <receiver
148-->[androidx.profileinstaller:profileinstaller:1.3.1] AndroidManifest.xml:34:9-52:20
149            android:name="androidx.profileinstaller.ProfileInstallReceiver"
149-->[androidx.profileinstaller:profileinstaller:1.3.1] AndroidManifest.xml:35:13-76
150            android:directBootAware="false"
150-->[androidx.profileinstaller:profileinstaller:1.3.1] AndroidManifest.xml:36:13-44
151            android:enabled="true"
151-->[androidx.profileinstaller:profileinstaller:1.3.1] AndroidManifest.xml:37:13-35
152            android:exported="true"
152-->[androidx.profileinstaller:profileinstaller:1.3.1] AndroidManifest.xml:38:13-36
153            android:permission="android.permission.DUMP" >
153-->[androidx.profileinstaller:profileinstaller:1.3.1] AndroidManifest.xml:39:13-57
154            <intent-filter>
154-->[androidx.profileinstaller:profileinstaller:1.3.1] AndroidManifest.xml:40:13-42:29
155                <action android:name="androidx.profileinstaller.action.INSTALL_PROFILE" />
155-->[androidx.profileinstaller:profileinstaller:1.3.1] AndroidManifest.xml:41:17-91
155-->[androidx.profileinstaller:profileinstaller:1.3.1] AndroidManifest.xml:41:25-88
156            </intent-filter>
157            <intent-filter>
157-->[androidx.profileinstaller:profileinstaller:1.3.1] AndroidManifest.xml:43:13-45:29
158                <action android:name="androidx.profileinstaller.action.SKIP_FILE" />
158-->[androidx.profileinstaller:profileinstaller:1.3.1] AndroidManifest.xml:44:17-85
158-->[androidx.profileinstaller:profileinstaller:1.3.1] AndroidManifest.xml:44:25-82
159            </intent-filter>
160            <intent-filter>
160-->[androidx.profileinstaller:profileinstaller:1.3.1] AndroidManifest.xml:46:13-48:29
161                <action android:name="androidx.profileinstaller.action.SAVE_PROFILE" />
161-->[androidx.profileinstaller:profileinstaller:1.3.1] AndroidManifest.xml:47:17-88
161-->[androidx.profileinstaller:profileinstaller:1.3.1] AndroidManifest.xml:47:25-85
162            </intent-filter>
163            <intent-filter>
163-->[androidx.profileinstaller:profileinstaller:1.3.1] AndroidManifest.xml:49:13-51:29
164                <action android:name="androidx.profileinstaller.action.BENCHMARK_OPERATION" />
164-->[androidx.profileinstaller:profileinstaller:1.3.1] AndroidManifest.xml:50:17-95
164-->[androidx.profileinstaller:profileinstaller:1.3.1] AndroidManifest.xml:50:25-92
165            </intent-filter>
166        </receiver>
167    </application>
168
169</manifest>